2026-01-13 16:00:01,080 - INFO - Starting crawl: Herbies Head Shop
2026-01-13 16:00:01,080 - INFO - Crawling: https://herbiesheadshop.com/collections/feminized-seeds
2026-01-13 16:00:04,750 - INFO - Found 0 products on page 1
2026-01-13 16:00:06,751 - INFO - Crawling: https://herbiesheadshop.com/collections/feminized-seeds/page/2
2026-01-13 16:00:15,555 - INFO - Found 0 products on page 2
2026-01-13 16:00:17,556 - INFO - Crawling: https://herbiesheadshop.com/collections/feminized-seeds/page/3
2026-01-13 16:00:21,526 - INFO - Found 0 products on page 3
2026-01-13 16:00:23,527 - INFO - Crawling: https://herbiesheadshop.com/collections/feminized-seeds/page/4
2026-01-13 16:00:28,254 - INFO - Found 0 products on page 4
2026-01-13 16:00:30,255 - INFO - Crawling: https://herbiesheadshop.com/collections/feminized-seeds/page/5
2026-01-13 16:00:36,857 - INFO - Found 0 products on page 5
2026-01-13 16:00:38,857 - INFO - Crawling: https://herbiesheadshop.com/collections/feminized-seeds/page/6
2026-01-13 16:00:45,527 - INFO - Found 0 products on page 6
2026-01-13 16:00:47,528 - INFO - Crawling: https://herbiesheadshop.com/collections/feminized-seeds/page/7
2026-01-13 16:00:54,606 - INFO - Found 0 products on page 7
2026-01-13 16:00:56,607 - INFO - Crawling: https://herbiesheadshop.com/collections/feminized-seeds/page/8
2026-01-13 16:01:03,096 - INFO - Found 0 products on page 8
2026-01-13 16:01:05,098 - INFO - Crawling: https://herbiesheadshop.com/collections/feminized-seeds/page/9
2026-01-13 16:01:12,238 - INFO - Found 0 products on page 9
2026-01-13 16:01:14,239 - INFO - Crawling: https://herbiesheadshop.com/collections/feminized-seeds/page/10
2026-01-13 16:01:22,795 - INFO - Found 0 products on page 10
2026-01-13 16:01:24,796 - INFO - Crawling: https://herbiesheadshop.com/collections/feminized-seeds/page/11
2026-01-13 16:01:33,838 - INFO - Found 0 products on page 11
2026-01-13 16:01:35,840 - INFO - Crawling: https://herbiesheadshop.com/collections/feminized-seeds/page/12
2026-01-13 16:01:43,863 - INFO - Found 0 products on page 12
2026-01-13 16:01:45,864 - INFO - Crawling: https://herbiesheadshop.com/collections/feminized-seeds/page/13
2026-01-13 16:01:54,453 - INFO - Found 0 products on page 13
2026-01-13 16:01:56,453 - INFO - Crawling: https://herbiesheadshop.com/collections/feminized-seeds/page/14
2026-01-13 16:02:03,625 - INFO - Found 0 products on page 14
2026-01-13 16:02:05,626 - INFO - Crawling: https://herbiesheadshop.com/collections/feminized-seeds/page/15
2026-01-13 16:02:11,762 - INFO - Found 0 products on page 15
2026-01-13 16:02:13,763 - INFO - Crawling: https://herbiesheadshop.com/collections/feminized-seeds/page/16
2026-01-13 16:02:20,329 - INFO - Found 0 products on page 16
2026-01-13 16:02:22,330 - INFO - Crawling: https://herbiesheadshop.com/collections/feminized-seeds/page/17
2026-01-13 16:02:29,126 - INFO - Found 0 products on page 17
2026-01-13 16:02:31,126 - INFO - Crawling: https://herbiesheadshop.com/collections/feminized-seeds/page/18
2026-01-13 16:02:37,661 - INFO - Found 0 products on page 18
2026-01-13 16:02:39,661 - INFO - Crawling: https://herbiesheadshop.com/collections/feminized-seeds/page/19
2026-01-13 16:02:46,760 - INFO - Found 0 products on page 19
2026-01-13 16:02:48,761 - INFO - Crawling: https://herbiesheadshop.com/collections/feminized-seeds/page/20
2026-01-13 16:02:56,361 - INFO - Found 0 products on page 20
2026-01-13 16:02:58,362 - INFO - Crawling: https://herbiesheadshop.com/collections/feminized-seeds/page/21
2026-01-13 16:03:04,683 - INFO - Found 0 products on page 21
2026-01-13 16:03:06,684 - INFO - Crawling: https://herbiesheadshop.com/collections/regular-cannabis-seeds
2026-01-13 16:03:11,053 - INFO - Found 0 products on page 1
2026-01-13 16:03:13,054 - INFO - Herbies Head Shop: Discovered 0 URLs
2026-01-13 16:03:13,055 - INFO - Starting crawl: Amsterdam Marijuana Seeds
2026-01-13 16:03:13,055 - INFO - Crawling: https://amsterdammarijuanaseeds.com/all-seeds/
2026-01-13 16:03:14,081 - INFO - Found 12 products on page 1
2026-01-13 16:03:16,082 - INFO - Crawling: https://amsterdammarijuanaseeds.com/all-seeds/page/2/
2026-01-13 16:03:17,056 - INFO - Found 12 products on page 2
2026-01-13 16:03:19,057 - INFO - Crawling: https://amsterdammarijuanaseeds.com/all-seeds/page/3/
2026-01-13 16:03:21,244 - INFO - Found 12 products on page 3
2026-01-13 16:03:23,245 - INFO - Crawling: https://amsterdammarijuanaseeds.com/all-seeds/page/4/
2026-01-13 16:03:25,435 - INFO - Found 12 products on page 4
2026-01-13 16:03:27,436 - INFO - Crawling: https://amsterdammarijuanaseeds.com/all-seeds/page/5/
2026-01-13 16:03:29,286 - INFO - Found 12 products on page 5
2026-01-13 16:03:31,287 - INFO - Crawling: https://amsterdammarijuanaseeds.com/all-seeds/page/6/
2026-01-13 16:03:32,258 - INFO - Found 12 products on page 6
2026-01-13 16:03:34,260 - INFO - Crawling: https://amsterdammarijuanaseeds.com/all-seeds/page/7/
2026-01-13 16:03:35,240 - INFO - Found 12 products on page 7
2026-01-13 16:03:37,241 - INFO - Crawling: https://amsterdammarijuanaseeds.com/all-seeds/page/8/
2026-01-13 16:03:39,089 - INFO - Found 12 products on page 8
2026-01-13 16:03:41,090 - INFO - Crawling: https://amsterdammarijuanaseeds.com/all-seeds/page/9/
2026-01-13 16:03:42,088 - INFO - Found 12 products on page 9
2026-01-13 16:03:44,088 - INFO - Crawling: https://amsterdammarijuanaseeds.com/all-seeds/page/10/
2026-01-13 16:03:46,028 - INFO - Found 12 products on page 10
2026-01-13 16:03:48,028 - INFO - Crawling: https://amsterdammarijuanaseeds.com/all-seeds/page/11/
2026-01-13 16:03:48,680 - INFO - Found 12 products on page 11
2026-01-13 16:03:50,681 - INFO - Crawling: https://amsterdammarijuanaseeds.com/all-seeds/page/12/
2026-01-13 16:03:51,649 - INFO - Found 12 products on page 12
2026-01-13 16:03:53,650 - INFO - Crawling: https://amsterdammarijuanaseeds.com/all-seeds/page/13/
2026-01-13 16:03:54,644 - INFO - Found 12 products on page 13
2026-01-13 16:03:56,645 - INFO - Crawling: https://amsterdammarijuanaseeds.com/all-seeds/page/14/
2026-01-13 16:03:58,484 - INFO - Found 7 products on page 14
2026-01-13 16:04:00,485 - INFO - Amsterdam Marijuana Seeds: Discovered 163 URLs
2026-01-13 16:04:00,486 - INFO - Starting crawl: Gorilla Seeds Bank
2026-01-13 16:04:00,486 - INFO - Crawling: https://www.gorilla-cannabis-seeds.co.uk/feminized-seeds
2026-01-13 16:04:03,681 - INFO - Found 0 products on page 1
2026-01-13 16:04:05,682 - INFO - Crawling: https://www.gorilla-cannabis-seeds.co.uk/feminized-seeds/?page=2
2026-01-13 16:04:25,504 - INFO - Found 0 products on page 2
2026-01-13 16:04:27,504 - INFO - Crawling: https://www.gorilla-cannabis-seeds.co.uk/feminized-seeds/?page=3
2026-01-13 16:04:47,132 - INFO - Found 0 products on page 3
2026-01-13 16:04:49,134 - INFO - Crawling: https://www.gorilla-cannabis-seeds.co.uk/feminized-seeds/?page=4
2026-01-13 16:05:08,762 - INFO - Found 0 products on page 4
2026-01-13 16:05:10,762 - INFO - Crawling: https://www.gorilla-cannabis-seeds.co.uk/feminized-seeds/?page=5
2026-01-13 16:05:28,497 - INFO - Found 0 products on page 5
2026-01-13 16:05:30,498 - INFO - Crawling: https://www.gorilla-cannabis-seeds.co.uk/feminized-seeds/?page=6
2026-01-13 16:05:50,246 - INFO - Found 0 products on page 6
2026-01-13 16:05:52,247 - INFO - Crawling: https://www.gorilla-cannabis-seeds.co.uk/feminized-seeds/?page=7
2026-01-13 16:06:12,160 - INFO - Found 0 products on page 7
2026-01-13 16:06:14,162 - INFO - Crawling: https://www.gorilla-cannabis-seeds.co.uk/feminized-seeds/?page=8
2026-01-13 16:06:31,554 - INFO - Found 0 products on page 8
2026-01-13 16:06:33,555 - INFO - Crawling: https://www.gorilla-cannabis-seeds.co.uk/feminized-seeds/?page=9
2026-01-13 16:06:51,792 - INFO - Found 0 products on page 9
2026-01-13 16:06:53,793 - INFO - Crawling: https://www.gorilla-cannabis-seeds.co.uk/feminized-seeds/?page=10
2026-01-13 16:07:14,466 - INFO - Found 0 products on page 10
2026-01-13 16:07:16,468 - INFO - Crawling: https://www.gorilla-cannabis-seeds.co.uk/feminized-seeds/?page=11
2026-01-13 16:07:36,667 - INFO - Found 0 products on page 11
2026-01-13 16:07:38,667 - INFO - Crawling: https://www.gorilla-cannabis-seeds.co.uk/feminized-seeds/?page=12
2026-01-13 16:07:58,625 - INFO - Found 0 products on page 12
2026-01-13 16:08:00,625 - INFO - Crawling: https://www.gorilla-cannabis-seeds.co.uk/feminized-seeds/?page=13
2026-01-13 16:08:20,229 - INFO - Found 0 products on page 13
2026-01-13 16:08:22,230 - INFO - Crawling: https://www.gorilla-cannabis-seeds.co.uk/feminized-seeds/?page=14
2026-01-13 16:08:43,113 - INFO - Found 0 products on page 14
2026-01-13 16:08:45,113 - INFO - Crawling: https://www.gorilla-cannabis-seeds.co.uk/feminized-seeds/?page=15
2026-01-13 16:09:05,457 - INFO - Found 0 products on page 15
2026-01-13 16:09:07,458 - INFO - Crawling: https://www.gorilla-cannabis-seeds.co.uk/feminized-seeds/?page=16
2026-01-13 16:09:28,089 - INFO - Found 0 products on page 16
2026-01-13 16:09:30,090 - INFO - Crawling: https://www.gorilla-cannabis-seeds.co.uk/feminized-seeds/?page=17
2026-01-13 16:09:51,240 - INFO - Found 0 products on page 17
2026-01-13 16:09:53,241 - INFO - Crawling: https://www.gorilla-cannabis-seeds.co.uk/feminized-seeds/?page=18
2026-01-13 16:10:13,749 - INFO - Found 0 products on page 18
2026-01-13 16:10:15,749 - INFO - Crawling: https://www.gorilla-cannabis-seeds.co.uk/feminized-seeds/?page=19
2026-01-13 16:10:37,027 - INFO - Found 0 products on page 19
2026-01-13 16:10:39,028 - INFO - Crawling: https://www.gorilla-cannabis-seeds.co.uk/feminized-seeds/?page=20
2026-01-13 16:10:59,685 - INFO - Found 0 products on page 20
2026-01-13 16:11:01,685 - INFO - Crawling: https://www.gorilla-cannabis-seeds.co.uk/feminized-seeds/?page=21
2026-01-13 16:11:18,285 - INFO - Found 0 products on page 21
2026-01-13 16:11:20,286 - INFO - Crawling: https://www.gorilla-cannabis-seeds.co.uk/feminized-seeds/?page=22
2026-01-13 16:11:42,185 - INFO - Found 0 products on page 22
2026-01-13 16:11:44,186 - INFO - Crawling: https://www.gorilla-cannabis-seeds.co.uk/feminized-seeds/?page=23
2026-01-13 16:12:05,563 - INFO - Found 0 products on page 23
2026-01-13 16:12:07,564 - INFO - Crawling: https://www.gorilla-cannabis-seeds.co.uk/feminized-seeds/?page=24
2026-01-13 16:12:27,170 - INFO - Found 0 products on page 24
2026-01-13 16:12:29,170 - INFO - Crawling: https://www.gorilla-cannabis-seeds.co.uk/feminized-seeds/?page=25
2026-01-13 16:12:49,042 - INFO - Found 0 products on page 25
2026-01-13 16:12:51,042 - INFO - Crawling: https://www.gorilla-cannabis-seeds.co.uk/feminized-seeds/?page=26
2026-01-13 16:13:12,255 - INFO - Found 0 products on page 26
2026-01-13 16:13:14,255 - INFO - Crawling: https://www.gorilla-cannabis-seeds.co.uk/feminized-seeds/?page=27
2026-01-13 16:13:36,579 - INFO - Found 0 products on page 27
2026-01-13 16:13:38,580 - INFO - Crawling: https://www.gorilla-cannabis-seeds.co.uk/feminized-seeds/?page=28
2026-01-13 16:14:00,750 - INFO - Found 0 products on page 28
2026-01-13 16:14:02,751 - INFO - Crawling: https://www.gorilla-cannabis-seeds.co.uk/feminized-seeds/?page=29
2026-01-13 16:14:24,577 - INFO - Found 0 products on page 29
2026-01-13 16:14:26,577 - INFO - Crawling: https://www.gorilla-cannabis-seeds.co.uk/feminized-seeds/?page=30
2026-01-13 16:14:47,821 - INFO - Found 0 products on page 30
2026-01-13 16:14:49,821 - INFO - Crawling: https://www.gorilla-cannabis-seeds.co.uk/feminized-seeds/?page=31
2026-01-13 16:15:10,466 - INFO - Found 0 products on page 31
2026-01-13 16:15:12,467 - INFO - Crawling: https://www.gorilla-cannabis-seeds.co.uk/feminized-seeds/?page=32
2026-01-13 16:15:33,974 - INFO - Found 0 products on page 32
2026-01-13 16:15:35,975 - INFO - Crawling: https://www.gorilla-cannabis-seeds.co.uk/feminized-seeds/?page=33
2026-01-13 16:15:56,999 - INFO - Found 0 products on page 33
2026-01-13 16:15:59,000 - INFO - Crawling: https://www.gorilla-cannabis-seeds.co.uk/feminized-seeds/?page=34
2026-01-13 16:16:20,081 - INFO - Found 0 products on page 34
2026-01-13 16:16:22,082 - INFO - Crawling: https://www.gorilla-cannabis-seeds.co.uk/feminized-seeds/?page=35
2026-01-13 16:16:42,640 - INFO - Found 0 products on page 35
2026-01-13 16:16:44,641 - INFO - Crawling: https://www.gorilla-cannabis-seeds.co.uk/feminized-seeds/?page=36
2026-01-13 16:17:06,140 - INFO - Found 0 products on page 36
2026-01-13 16:17:08,141 - INFO - Crawling: https://www.gorilla-cannabis-seeds.co.uk/feminized-seeds/?page=37
2026-01-13 16:17:28,651 - INFO - Found 0 products on page 37
2026-01-13 16:17:30,652 - INFO - Crawling: https://www.gorilla-cannabis-seeds.co.uk/feminized-seeds/?page=38
2026-01-13 16:17:50,758 - INFO - Found 0 products on page 38
2026-01-13 16:17:52,759 - INFO - Crawling: https://www.gorilla-cannabis-seeds.co.uk/feminized-seeds/?page=39
2026-01-13 16:18:12,423 - INFO - Found 0 products on page 39
2026-01-13 16:18:14,424 - INFO - Crawling: https://www.gorilla-cannabis-seeds.co.uk/feminized-seeds/?page=40
2026-01-13 16:18:34,028 - INFO - Found 0 products on page 40
2026-01-13 16:18:36,029 - INFO - Crawling: https://www.gorilla-cannabis-seeds.co.uk/feminized-seeds/?page=41
2026-01-13 16:18:55,536 - INFO - Found 0 products on page 41
2026-01-13 16:18:57,537 - INFO - Crawling: https://www.gorilla-cannabis-seeds.co.uk/feminized-seeds/?page=42
2026-01-13 16:19:16,809 - INFO - Found 0 products on page 42
2026-01-13 16:19:18,810 - INFO - Crawling: https://www.gorilla-cannabis-seeds.co.uk/feminized-seeds/?page=43
2026-01-13 16:19:38,590 - INFO - Found 0 products on page 43
2026-01-13 16:19:40,590 - INFO - Crawling: https://www.gorilla-cannabis-seeds.co.uk/feminized-seeds/?page=44
2026-01-13 16:19:59,962 - INFO - Found 0 products on page 44
2026-01-13 16:20:01,964 - INFO - Crawling: https://www.gorilla-cannabis-seeds.co.uk/feminized-seeds/?page=45
2026-01-13 16:20:19,487 - INFO - Found 0 products on page 45
2026-01-13 16:20:21,488 - INFO - Crawling: https://www.gorilla-cannabis-seeds.co.uk/feminized-seeds/?page=46
2026-01-13 16:20:40,972 - INFO - Found 0 products on page 46
2026-01-13 16:20:42,974 - INFO - Crawling: https://www.gorilla-cannabis-seeds.co.uk/feminized-seeds/?page=47
2026-01-13 16:21:02,490 - INFO - Found 0 products on page 47
2026-01-13 16:21:04,491 - INFO - Crawling: https://www.gorilla-cannabis-seeds.co.uk/feminized-seeds/?page=48
2026-01-13 16:21:23,956 - INFO - Found 0 products on page 48
2026-01-13 16:21:25,958 - INFO - Crawling: https://www.gorilla-cannabis-seeds.co.uk/feminized-seeds/?page=49
2026-01-13 16:21:45,302 - INFO - Found 0 products on page 49
2026-01-13 16:21:47,303 - INFO - Crawling: https://www.gorilla-cannabis-seeds.co.uk/feminized-seeds/?page=50
2026-01-13 16:22:06,305 - INFO - Found 0 products on page 50
2026-01-13 16:22:08,306 - INFO - Crawling: https://www.gorilla-cannabis-seeds.co.uk/feminized-seeds/?page=51
2026-01-13 16:22:28,072 - INFO - Found 0 products on page 51
2026-01-13 16:22:30,072 - INFO - Crawling: https://www.gorilla-cannabis-seeds.co.uk/feminized-seeds/?page=52
2026-01-13 16:22:47,203 - INFO - Found 0 products on page 52
2026-01-13 16:22:49,204 - INFO - Crawling: https://www.gorilla-cannabis-seeds.co.uk/feminized-seeds/?page=53
2026-01-13 16:23:08,837 - INFO - Found 0 products on page 53
2026-01-13 16:23:10,838 - INFO - Crawling: https://www.gorilla-cannabis-seeds.co.uk/feminized-seeds/?page=54
2026-01-13 16:23:31,090 - INFO - Found 0 products on page 54
2026-01-13 16:23:33,092 - INFO - Crawling: https://www.gorilla-cannabis-seeds.co.uk/feminized-seeds/?page=55
2026-01-13 16:23:51,295 - INFO - Found 0 products on page 55
2026-01-13 16:23:53,295 - INFO - Crawling: https://www.gorilla-cannabis-seeds.co.uk/feminized-seeds/?page=56
2026-01-13 16:24:12,639 - INFO - Found 0 products on page 56
2026-01-13 16:24:14,640 - INFO - Crawling: https://www.gorilla-cannabis-seeds.co.uk/feminized-seeds/?page=57
2026-01-13 16:24:34,693 - INFO - Found 0 products on page 57
2026-01-13 16:24:36,694 - INFO - Crawling: https://www.gorilla-cannabis-seeds.co.uk/feminized-seeds/?page=58
2026-01-13 16:24:54,476 - INFO - Found 0 products on page 58
2026-01-13 16:24:56,477 - INFO - Crawling: https://www.gorilla-cannabis-seeds.co.uk/feminized-seeds/?page=59
2026-01-13 16:25:16,155 - INFO - Found 0 products on page 59
2026-01-13 16:25:18,157 - INFO - Crawling: https://www.gorilla-cannabis-seeds.co.uk/feminized-seeds/?page=60
2026-01-13 16:25:33,019 - INFO - Found 0 products on page 60
2026-01-13 16:25:35,020 - INFO - Crawling: https://www.gorilla-cannabis-seeds.co.uk/feminized-seeds/?page=61
2026-01-13 16:25:54,241 - INFO - Found 0 products on page 61
2026-01-13 16:25:56,242 - INFO - Crawling: https://www.gorilla-cannabis-seeds.co.uk/feminized-seeds/?page=62
2026-01-13 16:26:15,867 - INFO - Found 0 products on page 62
2026-01-13 16:26:17,869 - INFO - Crawling: https://www.gorilla-cannabis-seeds.co.uk/feminized-seeds/?page=63
2026-01-13 16:26:37,261 - INFO - Found 0 products on page 63
2026-01-13 16:26:39,262 - INFO - Crawling: https://www.gorilla-cannabis-seeds.co.uk/feminized-seeds/?page=64
2026-01-13 16:26:58,964 - INFO - Found 0 products on page 64
2026-01-13 16:27:00,965 - INFO - Crawling: https://www.gorilla-cannabis-seeds.co.uk/feminized-seeds/?page=65
2026-01-13 16:27:20,433 - INFO - Found 0 products on page 65
2026-01-13 16:27:22,434 - INFO - Crawling: https://www.gorilla-cannabis-seeds.co.uk/feminized-seeds/?page=66
2026-01-13 16:27:41,730 - INFO - Found 0 products on page 66
2026-01-13 16:27:43,731 - INFO - Crawling: https://www.gorilla-cannabis-seeds.co.uk/feminized-seeds/?page=67
2026-01-13 16:28:03,532 - INFO - Found 0 products on page 67
2026-01-13 16:28:05,533 - INFO - Crawling: https://www.gorilla-cannabis-seeds.co.uk/feminized-seeds/?page=68
2026-01-13 16:28:25,287 - INFO - Found 0 products on page 68
2026-01-13 16:28:27,288 - INFO - Crawling: https://www.gorilla-cannabis-seeds.co.uk/feminized-seeds/?page=69
2026-01-13 16:28:47,026 - INFO - Found 0 products on page 69
2026-01-13 16:28:49,027 - INFO - Crawling: https://www.gorilla-cannabis-seeds.co.uk/feminized-seeds/?page=70
2026-01-13 16:29:08,234 - INFO - Found 0 products on page 70
2026-01-13 16:29:10,236 - INFO - Crawling: https://www.gorilla-cannabis-seeds.co.uk/feminized-seeds/?page=71
2026-01-13 16:29:29,763 - INFO - Found 0 products on page 71
2026-01-13 16:29:31,764 - INFO - Crawling: https://www.gorilla-cannabis-seeds.co.uk/feminized-seeds/?page=72
2026-01-13 16:29:51,397 - INFO - Found 0 products on page 72
2026-01-13 16:29:53,397 - INFO - Crawling: https://www.gorilla-cannabis-seeds.co.uk/feminized-seeds/?page=73
2026-01-13 16:30:12,099 - INFO - Found 0 products on page 73
2026-01-13 16:30:14,100 - INFO - Crawling: https://www.gorilla-cannabis-seeds.co.uk/feminized-seeds/?page=74
2026-01-13 16:30:33,017 - INFO - Found 0 products on page 74
2026-01-13 16:30:35,017 - INFO - Crawling: https://www.gorilla-cannabis-seeds.co.uk/feminized-seeds/?page=75
2026-01-13 16:30:54,663 - INFO - Found 0 products on page 75
2026-01-13 16:30:56,664 - INFO - Crawling: https://www.gorilla-cannabis-seeds.co.uk/feminized-seeds/?page=76
2026-01-13 16:31:16,185 - INFO - Found 0 products on page 76
2026-01-13 16:31:18,186 - INFO - Crawling: https://www.gorilla-cannabis-seeds.co.uk/feminized-seeds/?page=77
2026-01-13 16:31:37,490 - INFO - Found 0 products on page 77
2026-01-13 16:31:39,490 - INFO - Crawling: https://www.gorilla-cannabis-seeds.co.uk/feminized-seeds/?page=78
2026-01-13 16:31:59,201 - INFO - Found 0 products on page 78
2026-01-13 16:32:01,201 - INFO - Crawling: https://www.gorilla-cannabis-seeds.co.uk/feminized-seeds/?page=79
2026-01-13 16:32:20,444 - INFO - Found 0 products on page 79
2026-01-13 16:32:22,445 - INFO - Crawling: https://www.gorilla-cannabis-seeds.co.uk/feminized-seeds/?page=80
2026-01-13 16:32:41,840 - INFO - Found 0 products on page 80
2026-01-13 16:32:43,841 - INFO - Crawling: https://www.gorilla-cannabis-seeds.co.uk/feminized-seeds/?page=81
2026-01-13 16:33:00,054 - INFO - Found 0 products on page 81
2026-01-13 16:33:02,054 - INFO - Crawling: https://www.gorilla-cannabis-seeds.co.uk/feminized-seeds/?page=82
2026-01-13 16:33:21,641 - INFO - Found 0 products on page 82
2026-01-13 16:33:23,641 - INFO - Crawling: https://www.gorilla-cannabis-seeds.co.uk/feminized-seeds/?page=83
2026-01-13 16:33:43,133 - INFO - Found 0 products on page 83
2026-01-13 16:33:45,134 - INFO - Crawling: https://www.gorilla-cannabis-seeds.co.uk/feminized-seeds/?page=84
2026-01-13 16:34:04,631 - INFO - Found 0 products on page 84
2026-01-13 16:34:06,632 - INFO - Crawling: https://www.gorilla-cannabis-seeds.co.uk/feminized-seeds/?page=85
2026-01-13 16:34:25,861 - INFO - Found 0 products on page 85
2026-01-13 16:34:27,863 - INFO - Crawling: https://www.gorilla-cannabis-seeds.co.uk/feminized-seeds/?page=86
2026-01-13 16:34:47,391 - INFO - Found 0 products on page 86
2026-01-13 16:34:49,392 - INFO - Crawling: https://www.gorilla-cannabis-seeds.co.uk/feminized-seeds/?page=87
2026-01-13 16:35:08,610 - INFO - Found 0 products on page 87
2026-01-13 16:35:10,611 - INFO - Crawling: https://www.gorilla-cannabis-seeds.co.uk/feminized-seeds/?page=88
2026-01-13 16:35:30,161 - INFO - Found 0 products on page 88
2026-01-13 16:35:32,162 - INFO - Crawling: https://www.gorilla-cannabis-seeds.co.uk/feminized-seeds/?page=89
2026-01-13 16:35:51,536 - INFO - Found 0 products on page 89
2026-01-13 16:35:53,537 - INFO - Crawling: https://www.gorilla-cannabis-seeds.co.uk/feminized-seeds/?page=90
2026-01-13 16:36:13,247 - INFO - Found 0 products on page 90
2026-01-13 16:36:15,248 - INFO - Crawling: https://www.gorilla-cannabis-seeds.co.uk/feminized-seeds/?page=91
2026-01-13 16:36:35,242 - INFO - Found 0 products on page 91
2026-01-13 16:36:37,243 - INFO - Crawling: https://www.gorilla-cannabis-seeds.co.uk/feminized-seeds/?page=92
2026-01-13 16:36:55,224 - INFO - Found 0 products on page 92
2026-01-13 16:36:57,225 - INFO - Crawling: https://www.gorilla-cannabis-seeds.co.uk/feminized-seeds/?page=93
2026-01-13 16:37:16,632 - INFO - Found 0 products on page 93
2026-01-13 16:37:18,633 - INFO - Crawling: https://www.gorilla-cannabis-seeds.co.uk/autoflowering-seeds
2026-01-13 16:37:20,262 - INFO - Found 0 products on page 1
2026-01-13 16:37:22,262 - INFO - Crawling: https://www.gorilla-cannabis-seeds.co.uk/autoflowering-seeds/?page=2
2026-01-13 16:37:39,328 - INFO - Found 0 products on page 2
2026-01-13 16:37:41,329 - INFO - Crawling: https://www.gorilla-cannabis-seeds.co.uk/autoflowering-seeds/?page=3
2026-01-13 16:37:58,442 - INFO - Found 0 products on page 3
2026-01-13 16:38:00,442 - INFO - Crawling: https://www.gorilla-cannabis-seeds.co.uk/autoflowering-seeds/?page=4
2026-01-13 16:38:17,262 - INFO - Found 0 products on page 4
2026-01-13 16:38:19,263 - INFO - Crawling: https://www.gorilla-cannabis-seeds.co.uk/autoflowering-seeds/?page=5
2026-01-13 16:38:36,331 - INFO - Found 0 products on page 5
2026-01-13 16:38:38,332 - INFO - Crawling: https://www.gorilla-cannabis-seeds.co.uk/autoflowering-seeds/?page=6
2026-01-13 16:38:55,506 - INFO - Found 0 products on page 6
2026-01-13 16:38:57,506 - INFO - Crawling: https://www.gorilla-cannabis-seeds.co.uk/autoflowering-seeds/?page=7
2026-01-13 16:39:14,168 - INFO - Found 0 products on page 7
2026-01-13 16:39:16,169 - INFO - Crawling: https://www.gorilla-cannabis-seeds.co.uk/autoflowering-seeds/?page=8
2026-01-13 16:39:33,074 - INFO - Found 0 products on page 8
2026-01-13 16:39:35,075 - INFO - Crawling: https://www.gorilla-cannabis-seeds.co.uk/autoflowering-seeds/?page=9
2026-01-13 16:39:51,782 - INFO - Found 0 products on page 9
2026-01-13 16:39:53,783 - INFO - Crawling: https://www.gorilla-cannabis-seeds.co.uk/autoflowering-seeds/?page=10
2026-01-13 16:40:10,710 - INFO - Found 0 products on page 10
2026-01-13 16:40:12,710 - INFO - Crawling: https://www.gorilla-cannabis-seeds.co.uk/autoflowering-seeds/?page=11
2026-01-13 16:40:29,655 - INFO - Found 0 products on page 11
2026-01-13 16:40:31,656 - INFO - Crawling: https://www.gorilla-cannabis-seeds.co.uk/autoflowering-seeds/?page=12
2026-01-13 16:40:44,575 - INFO - Found 0 products on page 12
2026-01-13 16:40:46,577 - INFO - Crawling: https://www.gorilla-cannabis-seeds.co.uk/autoflowering-seeds/?page=13
2026-01-13 16:41:03,628 - INFO - Found 0 products on page 13
2026-01-13 16:41:05,629 - INFO - Crawling: https://www.gorilla-cannabis-seeds.co.uk/autoflowering-seeds/?page=14
2026-01-13 16:41:22,793 - INFO - Found 0 products on page 14
2026-01-13 16:41:24,794 - INFO - Crawling: https://www.gorilla-cannabis-seeds.co.uk/autoflowering-seeds/?page=15
2026-01-13 16:41:41,943 - INFO - Found 0 products on page 15
2026-01-13 16:41:43,944 - INFO - Crawling: https://www.gorilla-cannabis-seeds.co.uk/autoflowering-seeds/?page=16
2026-01-13 16:42:00,622 - INFO - Found 0 products on page 16
2026-01-13 16:42:02,623 - INFO - Crawling: https://www.gorilla-cannabis-seeds.co.uk/autoflowering-seeds/?page=17
2026-01-13 16:42:19,716 - INFO - Found 0 products on page 17
2026-01-13 16:42:21,717 - INFO - Crawling: https://www.gorilla-cannabis-seeds.co.uk/autoflowering-seeds/?page=18
2026-01-13 16:42:38,693 - INFO - Found 0 products on page 18
2026-01-13 16:42:40,694 - INFO - Crawling: https://www.gorilla-cannabis-seeds.co.uk/autoflowering-seeds/?page=19
2026-01-13 16:42:53,215 - INFO - Found 0 products on page 19
2026-01-13 16:42:55,215 - INFO - Crawling: https://www.gorilla-cannabis-seeds.co.uk/autoflowering-seeds/?page=20
2026-01-13 16:43:12,017 - INFO - Found 0 products on page 20
2026-01-13 16:43:14,018 - INFO - Crawling: https://www.gorilla-cannabis-seeds.co.uk/autoflowering-seeds/?page=21
2026-01-13 16:43:30,948 - INFO - Found 0 products on page 21
2026-01-13 16:43:32,949 - INFO - Crawling: https://www.gorilla-cannabis-seeds.co.uk/autoflowering-seeds/?page=22
2026-01-13 16:43:45,867 - INFO - Found 0 products on page 22
2026-01-13 16:43:47,868 - INFO - Crawling: https://www.gorilla-cannabis-seeds.co.uk/autoflowering-seeds/?page=23
2026-01-13 16:44:04,666 - INFO - Found 0 products on page 23
2026-01-13 16:44:06,667 - INFO - Crawling: https://www.gorilla-cannabis-seeds.co.uk/autoflowering-seeds/?page=24
2026-01-13 16:44:22,400 - INFO - Found 0 products on page 24
2026-01-13 16:44:24,401 - INFO - Crawling: https://www.gorilla-cannabis-seeds.co.uk/autoflowering-seeds/?page=25
2026-01-13 16:44:40,584 - INFO - Found 0 products on page 25
2026-01-13 16:44:42,585 - INFO - Crawling: https://www.gorilla-cannabis-seeds.co.uk/autoflowering-seeds/?page=26
2026-01-13 16:44:59,810 - INFO - Found 0 products on page 26
2026-01-13 16:45:01,810 - INFO - Crawling: https://www.gorilla-cannabis-seeds.co.uk/autoflowering-seeds/?page=27
2026-01-13 16:45:19,091 - INFO - Found 0 products on page 27
2026-01-13 16:45:21,092 - INFO - Crawling: https://www.gorilla-cannabis-seeds.co.uk/autoflowering-seeds/?page=28
2026-01-13 16:45:38,372 - INFO - Found 0 products on page 28
2026-01-13 16:45:40,373 - INFO - Crawling: https://www.gorilla-cannabis-seeds.co.uk/autoflowering-seeds/?page=29
2026-01-13 16:45:57,039 - INFO - Found 0 products on page 29
2026-01-13 16:45:59,040 - INFO - Crawling: https://www.gorilla-cannabis-seeds.co.uk/autoflowering-seeds/?page=30
2026-01-13 16:46:15,598 - INFO - Found 0 products on page 30
2026-01-13 16:46:17,599 - INFO - Crawling: https://www.gorilla-cannabis-seeds.co.uk/autoflowering-seeds/?page=31
2026-01-13 16:46:34,316 - INFO - Found 0 products on page 31
2026-01-13 16:46:36,317 - INFO - Crawling: https://www.gorilla-cannabis-seeds.co.uk/autoflowering-seeds/?page=32
2026-01-13 16:46:53,239 - INFO - Found 0 products on page 32
2026-01-13 16:46:55,240 - INFO - Crawling: https://www.gorilla-cannabis-seeds.co.uk/autoflowering-seeds/?page=33
2026-01-13 16:47:13,920 - INFO - Found 0 products on page 33
2026-01-13 16:47:15,921 - INFO - Gorilla Seeds Bank: Discovered 0 URLs
2026-01-13 16:47:15,921 - INFO - Starting crawl: Zamnesia
2026-01-13 16:47:15,921 - INFO - Crawling: https://www.zamnesia.com/us/295-feminized-seeds
2026-01-13 16:47:19,175 - INFO - Found 0 products on page 1
2026-01-13 16:47:21,176 - INFO - Crawling: https://www.zamnesia.com/us/295-feminized-seeds/?p=2
2026-01-13 16:47:24,878 - INFO - Found 0 products on page 2
2026-01-13 16:47:26,879 - INFO - Crawling: https://www.zamnesia.com/us/295-feminized-seeds/?p=3
2026-01-13 16:47:30,427 - INFO - Found 0 products on page 3
2026-01-13 16:47:32,428 - INFO - Crawling: https://www.zamnesia.com/us/295-feminized-seeds/?p=4
2026-01-13 16:47:37,826 - INFO - Found 0 products on page 4
2026-01-13 16:47:39,827 - INFO - Crawling: https://www.zamnesia.com/us/295-feminized-seeds/?p=5
2026-01-13 16:47:44,997 - INFO - Found 0 products on page 5
2026-01-13 16:47:46,998 - INFO - Crawling: https://www.zamnesia.com/us/295-feminized-seeds/?p=6
2026-01-13 16:47:52,792 - INFO - Found 0 products on page 6
2026-01-13 16:47:54,793 - INFO - Crawling: https://www.zamnesia.com/us/294-autoflower-seeds
2026-01-13 16:47:56,810 - INFO - Found 0 products on page 1
2026-01-13 16:47:58,811 - INFO - Crawling: https://www.zamnesia.com/us/294-autoflower-seeds/?p=2
2026-01-13 16:48:01,795 - INFO - Found 0 products on page 2
2026-01-13 16:48:03,796 - INFO - Crawling: https://www.zamnesia.com/us/294-autoflower-seeds/?p=3
2026-01-13 16:48:07,656 - INFO - Found 0 products on page 3
2026-01-13 16:48:09,656 - INFO - Crawling: https://www.zamnesia.com/us/294-autoflower-seeds/?p=4
2026-01-13 16:48:14,260 - INFO - Found 0 products on page 4
2026-01-13 16:48:16,260 - INFO - Zamnesia: Discovered 0 URLs
2026-01-13 16:48:16,261 - INFO - Starting crawl: Exotic Genetix
2026-01-13 16:48:16,261 - INFO - Crawling: https://exoticgenetix.com/shop/
2026-01-13 16:48:19,574 - INFO - Found 0 products on page 1
2026-01-13 16:48:21,575 - INFO - Crawling: https://exoticgenetix.com/shop/page/2/
2026-01-13 16:48:24,883 - INFO - Found 0 products on page 2
2026-01-13 16:48:26,883 - INFO - Crawling: https://exoticgenetix.com/shop/page/3/
2026-01-13 16:48:30,284 - INFO - Found 0 products on page 3
2026-01-13 16:48:32,286 - INFO - Crawling: https://exoticgenetix.com/shop/page/4/
2026-01-13 16:48:35,647 - INFO - Found 0 products on page 4
2026-01-13 16:48:37,648 - INFO - Crawling: https://exoticgenetix.com/shop/page/5/
2026-01-13 16:48:41,000 - INFO - Found 0 products on page 5
2026-01-13 16:48:43,001 - INFO - Crawling: https://exoticgenetix.com/shop/page/6/
2026-01-13 16:48:46,573 - INFO - Found 0 products on page 6
2026-01-13 16:48:48,575 - INFO - Crawling: https://exoticgenetix.com/shop/page/7/
2026-01-13 16:48:51,951 - INFO - Found 0 products on page 7
2026-01-13 16:48:53,952 - INFO - Crawling: https://exoticgenetix.com/shop/page/8/
2026-01-13 16:48:57,328 - INFO - Found 0 products on page 8
2026-01-13 16:48:59,329 - INFO - Crawling: https://exoticgenetix.com/shop/page/9/
2026-01-13 16:49:02,618 - INFO - Found 0 products on page 9
2026-01-13 16:49:04,618 - INFO - Crawling: https://exoticgenetix.com/shop/page/10/
2026-01-13 16:49:08,045 - INFO - Found 0 products on page 10
2026-01-13 16:49:10,045 - INFO - Crawling: https://exoticgenetix.com/shop/page/11/
2026-01-13 16:49:13,315 - INFO - Found 0 products on page 11
2026-01-13 16:49:15,316 - INFO - Crawling: https://exoticgenetix.com/shop/page/12/
2026-01-13 16:49:18,583 - INFO - Found 0 products on page 12
2026-01-13 16:49:20,584 - INFO - Crawling: https://exoticgenetix.com/shop/page/13/
2026-01-13 16:49:23,915 - INFO - Found 0 products on page 13
2026-01-13 16:49:25,917 - INFO - Crawling: https://exoticgenetix.com/shop/page/14/
2026-01-13 16:49:29,208 - INFO - Found 0 products on page 14
2026-01-13 16:49:31,209 - INFO - Crawling: https://exoticgenetix.com/shop/page/15/
2026-01-13 16:49:34,654 - INFO - Found 0 products on page 15
2026-01-13 16:49:36,655 - INFO - Crawling: https://exoticgenetix.com/shop/page/16/
2026-01-13 16:49:39,969 - INFO - Found 0 products on page 16
2026-01-13 16:49:41,970 - INFO - Crawling: https://exoticgenetix.com/shop/page/17/
2026-01-13 16:49:45,452 - INFO - Found 0 products on page 17
2026-01-13 16:49:47,453 - INFO - Crawling: https://exoticgenetix.com/shop/page/18/
2026-01-13 16:49:50,796 - INFO - Found 0 products on page 18
2026-01-13 16:49:52,796 - INFO - Crawling: https://exoticgenetix.com/shop/page/19/
2026-01-13 16:49:56,179 - INFO - Found 0 products on page 19
2026-01-13 16:49:58,180 - INFO - Crawling: https://exoticgenetix.com/shop/page/20/
2026-01-13 16:50:01,498 - INFO - Found 0 products on page 20
2026-01-13 16:50:03,498 - INFO - Crawling: https://exoticgenetix.com/shop/page/21/
2026-01-13 16:50:06,888 - INFO - Found 0 products on page 21
2026-01-13 16:50:08,890 - INFO - Crawling: https://exoticgenetix.com/shop/page/22/
2026-01-13 16:50:12,328 - INFO - Found 0 products on page 22
2026-01-13 16:50:14,330 - INFO - Exotic Genetix: Discovered 0 URLs
2026-01-13 16:50:14,330 - INFO - Starting crawl: Original Seeds Store
2026-01-13 16:50:14,330 - INFO - Crawling: https://www.originalseedsstore.com/feminized-cannabis-seeds
2026-01-13 16:50:16,541 - INFO - Found 0 products on page 1
2026-01-13 16:50:18,542 - INFO - Crawling: https://www.originalseedsstore.com/regular-seeds
2026-01-13 16:50:19,561 - INFO - Found 0 products on page 1
2026-01-13 16:50:21,562 - INFO - Original Seeds Store: Discovered 0 URLs
2026-01-13 16:50:21,563 - INFO - Starting crawl: Tiki Madman
2026-01-13 16:50:21,563 - INFO - Crawling: https://tikimadman.com/strains/
2026-01-13 16:50:22,326 - INFO - Found 0 products on page 1
2026-01-13 16:50:24,327 - INFO - Tiki Madman: Discovered 0 URLs
2026-01-13 16:50:24,330 - INFO - 
CRAWL COMPLETE!
2026-01-13 16:50:24,330 - INFO - Total URLs discovered: 163
2026-01-13 16:50:24,330 - INFO - Results saved to: ../data/elite_urls.json
